<?xml version="1.0" encoding="UTF-8"?>
<!-- Generated by org.testng.reporters.JUnitReportReporter -->
<testsuite hostname="Lenovo-G50" name="testcases.VerifyLoginPage" tests="1" failures="0" timestamp="12 Jun 2017 01:28:02 GMT" time="13.003" errors="0">
  <testcase name="testLoginPage" time="13.003" classname="testcases.VerifyLoginPage"/>
</testsuite> <!-- testcases.VerifyLoginPage -->
