<?xml version="1.0" encoding="UTF-8"?>
<!-- Generated by org.testng.reporters.JUnitReportReporter -->
<testsuite hostname="Lenovo-G50" name="testcases.VerifyLoginPageWithReport" tests="1" failures="0" timestamp="12 Jun 2017 01:28:01 GMT" time="13.492" errors="0">
  <testcase name="testLoginPage" time="13.492" classname="testcases.VerifyLoginPageWithReport"/>
</testsuite> <!-- testcases.VerifyLoginPageWithReport -->
